Using pre-set license
Built from '2021.2/staging' branch; Version is '2021.2.12f1 (48b1aa000234) revision 4764074'; Using compiler version '192829333'; Build Type 'Release'
OS: 'Windows 10  (10.0.19043) 64bit Core' Language: 'en' Physical Memory: 16320 MB
BatchMode: 1, IsHumanControllingUs: 0, StartBugReporterOnCrash: 0, Is64bit: 1, IsPro: 0

COMMAND LINE ARGUMENTS:
C:\Program Files\Unity\Hub\Editor\2021.2.12f1\Editor\Unity.exe
-adb2
-batchMode
-noUpm
-name
AssetImportWorker0
-projectPath
C:/Users/Niamat-PC/chatbot_model
-logFile
Logs/AssetImportWorker0.log
-srvPort
54245
Successfully changed project path to: C:/Users/Niamat-PC/chatbot_model
C:/Users/Niamat-PC/chatbot_model
[UnityMemory] Configuration Parameters - Can be set up in boot.config
    "memorysetup-bucket-allocator-granularity=16"
    "memorysetup-bucket-allocator-bucket-count=8"
    "memorysetup-bucket-allocator-block-size=33554432"
    "memorysetup-bucket-allocator-block-count=8"
    "memorysetup-main-allocator-block-size=16777216"
    "memorysetup-thread-allocator-block-size=16777216"
    "memorysetup-gfx-main-allocator-block-size=16777216"
    "memorysetup-gfx-thread-allocator-block-size=16777216"
    "memorysetup-cache-allocator-block-size=4194304"
    "memorysetup-typetree-allocator-block-size=2097152"
    "memorysetup-profiler-bucket-allocator-granularity=16"
    "memorysetup-profiler-bucket-allocator-bucket-count=8"
    "memorysetup-profiler-bucket-allocator-block-size=33554432"
    "memorysetup-profiler-bucket-allocator-block-count=8"
    "memorysetup-profiler-allocator-block-size=16777216"
    "memorysetup-profiler-editor-allocator-block-size=1048576"
    "memorysetup-temp-allocator-size-main=16777216"
    "memorysetup-job-temp-allocator-block-size=2097152"
    "memorysetup-job-temp-allocator-block-size-background=1048576"
    "memorysetup-job-temp-allocator-reduction-small-platforms=262144"
    "memorysetup-temp-allocator-size-background-worker=32768"
    "memorysetup-temp-allocator-size-job-worker=262144"
    "memorysetup-temp-allocator-size-preload-manager=33554432"
    "memorysetup-temp-allocator-size-nav-mesh-worker=65536"
    "memorysetup-temp-allocator-size-audio-worker=65536"
    "memorysetup-temp-allocator-size-cloud-worker=32768"
    "memorysetup-temp-allocator-size-gi-baking-worker=262144"
    "memorysetup-temp-allocator-size-gfx=262144"
Refreshing native plugins compatible for Editor in 69.98 ms, found 3 plugins.
Preloading 0 native plugins for Editor in 0.00 ms.
Initialize engine version: 2021.2.12f1 (48b1aa000234)
[Subsystems] Discovering subsystems at path C:/Program Files/Unity/Hub/Editor/2021.2.12f1/Editor/Data/Resources/UnitySubsystems
[Subsystems] Discovering subsystems at path C:/Users/Niamat-PC/chatbot_model/Assets
GfxDevice: creating device client; threaded=0; jobified=0
Direct3D:
    Version:  Direct3D 11.0 [level 11.1]
    Renderer: NVIDIA GeForce GTX 1060 3GB (ID=0x1c02)
    Vendor:   NVIDIA
    VRAM:     2988 MB
    Driver:   30.0.14.9676
Initialize mono
Mono path[0] = 'C:/Program Files/Unity/Hub/Editor/2021.2.12f1/Editor/Data/Managed'
Mono path[1] = 'C:/Program Files/Unity/Hub/Editor/2021.2.12f1/Editor/Data/MonoBleedingEdge/lib/mono/unityjit-win32'
Mono config path = 'C:/Program Files/Unity/Hub/Editor/2021.2.12f1/Editor/Data/MonoBleedingEdge/etc'
Using monoOptions --debugger-agent=transport=dt_socket,embedding=1,server=y,suspend=n,address=127.0.0.1:56244
Begin MonoManager ReloadAssembly
Registering precompiled unity dll's ...
Register platform support module: C:/Program Files/Unity/Hub/Editor/2021.2.12f1/Editor/Data/PlaybackEngines/WindowsStandaloneSupport/UnityEditor.WindowsStandalone.Extensions.dll
Registered in 0.007481 seconds.
Native extension for WindowsStandalone target not found
Refreshing native plugins compatible for Editor in 69.38 ms, found 3 plugins.
Preloading 0 native plugins for Editor in 0.00 ms.
Mono: successfully reloaded assembly
- Completed reload, in  0.648 seconds
Domain Reload Profiling:
	ReloadAssembly (648ms)
		BeginReloadAssembly (78ms)
			ExecutionOrderSort (0ms)
			DisableScriptedObjects (0ms)
			BackupInstance (0ms)
			ReleaseScriptingObjects (0ms)
			CreateAndSetChildDomain (1ms)
		EndReloadAssembly (453ms)
			LoadAssemblies (76ms)
			RebuildTransferFunctionScriptingTraits (0ms)
			SetupTypeCache (111ms)
			ReleaseScriptCaches (0ms)
			RebuildScriptCaches (29ms)
			SetupLoadedEditorAssemblies (258ms)
				LogAssemblyErrors (0ms)
				InitializePlatformSupportModulesInManaged (8ms)
				SetLoadedEditorAssemblies (0ms)
				RefreshPlugins (70ms)
				BeforeProcessingInitializeOnLoad (2ms)
				ProcessInitializeOnLoadAttributes (130ms)
				ProcessInitializeOnLoadMethodAttributes (48ms)
				AfterProcessingInitializeOnLoad (0ms)
				EditorAssembliesLoaded (0ms)
			ExecutionOrderSort2 (0ms)
			AwakeInstancesAfterBackupRestoration (0ms)
Platform modules already initialized, skipping
Registering precompiled user dll's ...
Registered in 0.004046 seconds.
Begin MonoManager ReloadAssembly
Symbol file LoadedFromMemory doesn't match image C:\Users\Niamat-PC\chatbot_model\Library\PackageCache\com.unity.visualscripting@1.7.6\Editor\VisualScripting.Core\Dependencies\YamlDotNet\Unity.VisualScripting.YamlDotNet.dll
Symbol file LoadedFromMemory doesn't match image C:\Users\Niamat-PC\chatbot_model\Library\PackageCache\com.unity.visualscripting@1.7.6\Editor\VisualScripting.Core\Dependencies\DotNetZip\Unity.VisualScripting.IonicZip.dll
Native extension for WindowsStandalone target not found
Refreshing native plugins compatible for Editor in 0.46 ms, found 3 plugins.
Preloading 0 native plugins for Editor in 0.00 ms.
Mono: successfully reloaded assembly
- Completed reload, in  0.961 seconds
Domain Reload Profiling:
	ReloadAssembly (962ms)
		BeginReloadAssembly (127ms)
			ExecutionOrderSort (0ms)
			DisableScriptedObjects (6ms)
			BackupInstance (0ms)
			ReleaseScriptingObjects (0ms)
			CreateAndSetChildDomain (22ms)
		EndReloadAssembly (709ms)
			LoadAssemblies (82ms)
			RebuildTransferFunctionScriptingTraits (0ms)
			SetupTypeCache (218ms)
			ReleaseScriptCaches (1ms)
			RebuildScriptCaches (49ms)
			SetupLoadedEditorAssemblies (332ms)
				LogAssemblyErrors (0ms)
				InitializePlatformSupportModulesInManaged (6ms)
				SetLoadedEditorAssemblies (0ms)
				RefreshPlugins (1ms)
				BeforeProcessingInitializeOnLoad (78ms)
				ProcessInitializeOnLoadAttributes (215ms)
				ProcessInitializeOnLoadMethodAttributes (24ms)
				AfterProcessingInitializeOnLoad (8ms)
				EditorAssembliesLoaded (0ms)
			ExecutionOrderSort2 (0ms)
			AwakeInstancesAfterBackupRestoration (7ms)
Platform modules already initialized, skipping
========================================================================
Worker process is ready to serve import requests
Launched and connected shader compiler UnityShaderCompiler.exe after 0.08 seconds
Refreshing native plugins compatible for Editor in 0.58 ms, found 3 plugins.
Preloading 0 native plugins for Editor in 0.00 ms.
Unloading 3098 Unused Serialized files (Serialized files now loaded: 0)
Unloading 20 unused Assets / (48.1 KB). Loaded Objects now: 3561.
Memory consumption went from 107.7 MB to 107.6 MB.
Total: 2.735200 ms (FindLiveObjects: 0.314100 ms CreateObjectMapping: 0.178700 ms MarkObjects: 2.157000 ms  DeleteObjects: 0.084600 ms)

AssetImportParameters requested are different than current active one (requested -> active):
  custom:video-decoder-ogg-theora: a1e56fd34408186e4bbccfd4996cb3dc -> 
  custom:container-muxer-webm: aa71ff27fc2769a1b78a27578f13a17b -> 
  custom:container-demuxer-webm: 4f35f7cbe854078d1ac9338744f61a02 -> 
  custom:video-encoder-webm-vp8: eb34c28f22e8b96e1ab97ce403110664 -> 
  custom:audio-encoder-webm-vorbis: bf7c407c2cedff20999df2af8eb42d56 -> 
  custom:framework-win-MediaFoundation: 216162199b28c13a410421893ffa2e32 -> 
  custom:container-demuxer-ogg: 62fdf1f143b41e24485cea50d1cbac27 -> 
  custom:video-decoder-webm-vp8: 9c59270c3fd7afecdb556c50c9e8de78 -> 
  custom:audio-decoder-ogg-vorbis: bf7c407c2cedff20999df2af8eb42d56 -> 
========================================================================
Received Import Request.
  Time since last request: 163654.379882 seconds.
  path: Assets/CS27ModelOne
  artifactKey: Guid(1ad4ebc1848c35e45a9efde5262b920a) Importer(815301076,1909f56bfc062723c751e8b465ee728b)
Start importing Assets/CS27ModelOne using Guid(1ad4ebc1848c35e45a9efde5262b920a) Importer(815301076,1909f56bfc062723c751e8b465ee728b)  -> (artifact id: '209f64cf59ab2e664e191855f8367c23') in 0.009856 seconds 
========================================================================
Received Import Request.
  Time since last request: 0.000028 seconds.
  path: Assets/CS27ModelOne/ModelOne.prefab
  artifactKey: Guid(8fb76780e40bf1142ac84afa008dfa0c) Importer(815301076,1909f56bfc062723c751e8b465ee728b)
Start importing Assets/CS27ModelOne/ModelOne.prefab using Guid(8fb76780e40bf1142ac84afa008dfa0c) Importer(815301076,1909f56bfc062723c751e8b465ee728b)  -> (artifact id: 'ffcc5f6bc4fa6139a9ea6eb309ca37a2') in 0.281748 seconds 
========================================================================
Received Import Request.
  Time since last request: 3.043203 seconds.
  path: Assets/CS27ModelOne/Movement
  artifactKey: Guid(a72d922d32cb66d4d8b53656b7375701) Importer(815301076,1909f56bfc062723c751e8b465ee728b)
Start importing Assets/CS27ModelOne/Movement using Guid(a72d922d32cb66d4d8b53656b7375701) Importer(815301076,1909f56bfc062723c751e8b465ee728b)  -> (artifact id: 'd7a2b8642853399b4c72c0e5e31b869a') in 0.007765 seconds 
========================================================================
Received Import Request.
  Time since last request: 6.452172 seconds.
  path: Assets/CS27ModelOne/Materials
  artifactKey: Guid(35ff6ae11b7b9314cb7f90d9c9109fcf) Importer(815301076,1909f56bfc062723c751e8b465ee728b)
Start importing Assets/CS27ModelOne/Materials using Guid(35ff6ae11b7b9314cb7f90d9c9109fcf) Importer(815301076,1909f56bfc062723c751e8b465ee728b)  -> (artifact id: '82ab32b2b9547406bef9943f8c0328a4') in 0.006667 seconds 
========================================================================
Received Import Request.
  Time since last request: 0.102327 seconds.
  path: Assets/CS27ModelOne/Materials/ModelOne.fbx
  artifactKey: Guid(895bba5160ea131489e4882eb6ded6ab) Importer(815301076,1909f56bfc062723c751e8b465ee728b)
Start importing Assets/CS27ModelOne/Materials/ModelOne.fbx using Guid(895bba5160ea131489e4882eb6ded6ab) Importer(815301076,1909f56bfc062723c751e8b465ee728b)  -> (artifact id: '960a382eb00b01ba61173d677a8d53cc') in 0.523737 seconds 
========================================================================
Received Import Request.
  Time since last request: 1.990873 seconds.
  path: Assets/CS27ModelOne/MainScene
  artifactKey: Guid(5bd5b57395f07b94289eb5406aad5d97) Importer(815301076,1909f56bfc062723c751e8b465ee728b)
Start importing Assets/CS27ModelOne/MainScene using Guid(5bd5b57395f07b94289eb5406aad5d97) Importer(815301076,1909f56bfc062723c751e8b465ee728b)  -> (artifact id: '4a7f258849e463bf0b6866eff19e0f25') in 0.006696 seconds 
========================================================================
Received Import Request.
  Time since last request: 3.567390 seconds.
  path: Assets/CS27ModelOne/Emotions
  artifactKey: Guid(df3256d69bb384748822a97e6550f84b) Importer(815301076,1909f56bfc062723c751e8b465ee728b)
Start importing Assets/CS27ModelOne/Emotions using Guid(df3256d69bb384748822a97e6550f84b) Importer(815301076,1909f56bfc062723c751e8b465ee728b)  -> (artifact id: '8d65db6700221c519cb828288ad5fb67') in 0.007422 seconds 
